2015-10-22 18:08:10,047 INFO logging search for mashcat to projects/mashcat22oct15/data/tweets
2015-10-22 18:08:10,047 INFO creating http session
2015-10-22 18:08:10,051 INFO starting search for mashcat
2015-10-22 18:08:10,066 INFO Starting new HTTPS connection (1): api.twitter.com
2015-10-22 18:08:10,701 INFO archived 657304053031043073
2015-10-22 18:08:10,701 INFO archived 657303750479101952
2015-10-22 18:08:10,702 INFO archived 657303569910079488
2015-10-22 18:08:10,702 INFO archived 657303407045287936
2015-10-22 18:08:10,702 INFO archived 657303254049640449
2015-10-22 18:08:10,702 INFO archived 657302754415804416
2015-10-22 18:08:10,702 INFO archived 657302556364951554
2015-10-22 18:08:10,702 INFO archived 657302481890729984
2015-10-22 18:08:10,702 INFO archived 657302067212627968
2015-10-22 18:08:10,702 INFO archived 657302042055200773
2015-10-22 18:08:10,702 INFO archived 657301852783058945
2015-10-22 18:08:10,702 INFO archived 657301754694885376
2015-10-22 18:08:10,702 INFO archived 657301710084423680
2015-10-22 18:08:10,703 INFO archived 657301120168120320
2015-10-22 18:08:10,703 INFO archived 657301106746331136
2015-10-22 18:08:10,703 INFO archived 657301048462307328
2015-10-22 18:08:10,703 INFO archived 657300989800660992
2015-10-22 18:08:10,703 INFO archived 657300920003334144
2015-10-22 18:08:10,703 INFO archived 657300876462264321
2015-10-22 18:08:10,703 INFO archived 657300854890983424
2015-10-22 18:08:10,703 INFO archived 657300757444698114
2015-10-22 18:08:10,703 INFO archived 657300754315767809
2015-10-22 18:08:10,703 INFO archived 657300642642325504
2015-10-22 18:08:10,703 INFO archived 657300563344912384
2015-10-22 18:08:10,703 INFO archived 657300530151211008
2015-10-22 18:08:10,704 INFO archived 657300509074722817
2015-10-22 18:08:10,704 INFO archived 657300449897254912
2015-10-22 18:08:10,704 INFO archived 657300442486042624
2015-10-22 18:08:10,704 INFO archived 657300407702659072
2015-10-22 18:08:10,704 INFO archived 657300367751802880
2015-10-22 18:08:10,704 INFO archived 657300349045358592
2015-10-22 18:08:10,704 INFO archived 657300338232446976
2015-10-22 18:08:10,704 INFO archived 657300325691432965
2015-10-22 18:08:10,704 INFO archived 657300305646886912
2015-10-22 18:08:10,704 INFO archived 657300277574242304
2015-10-22 18:08:10,704 INFO archived 657300267856216064
2015-10-22 18:08:10,705 INFO archived 657300240664387584
2015-10-22 18:08:10,705 INFO archived 657300154333048832
2015-10-22 18:08:10,705 INFO archived 657300138822602752
2015-10-22 18:08:10,705 INFO archived 657300089808015361
2015-10-22 18:08:10,705 INFO archived 657300064029638656
2015-10-22 18:08:10,705 INFO archived 657299990168010752
2015-10-22 18:08:10,705 INFO archived 657299966709379072
2015-10-22 18:08:10,705 INFO archived 657299953484734464
2015-10-22 18:08:10,705 INFO archived 657299914339151872
2015-10-22 18:08:10,705 INFO archived 657299890754555904
2015-10-22 18:08:10,705 INFO archived 657299884823982081
2015-10-22 18:08:10,706 INFO archived 657299851441401856
2015-10-22 18:08:10,706 INFO archived 657299818637824000
2015-10-22 18:08:10,706 INFO archived 657299802237984768
2015-10-22 18:08:10,706 INFO archived 657299766896914432
2015-10-22 18:08:10,706 INFO archived 657299756658618368
2015-10-22 18:08:10,706 INFO archived 657299694138368000
2015-10-22 18:08:10,706 INFO archived 657299693517611008
2015-10-22 18:08:10,706 INFO archived 657299692204589056
2015-10-22 18:08:10,706 INFO archived 657299689306361856
2015-10-22 18:08:10,706 INFO archived 657299672734806020
2015-10-22 18:08:10,706 INFO archived 657299648948908032
2015-10-22 18:08:10,707 INFO archived 657299630867156992
2015-10-22 18:08:10,707 INFO archived 657299616334008321
2015-10-22 18:08:10,707 INFO archived 657299601410650114
2015-10-22 18:08:10,707 INFO archived 657299580074131456
2015-10-22 18:08:10,707 INFO archived 657299577494728704
2015-10-22 18:08:10,707 INFO archived 657299544280055808
2015-10-22 18:08:10,707 INFO archived 657299520955523072
2015-10-22 18:08:10,707 INFO archived 657299500592177153
2015-10-22 18:08:10,707 INFO archived 657299470401581057
2015-10-22 18:08:10,707 INFO archived 657299456488947712
2015-10-22 18:08:10,707 INFO archived 657299413455491072
2015-10-22 18:08:10,708 INFO archived 657299396825075712
2015-10-22 18:08:10,708 INFO archived 657299394832695296
2015-10-22 18:08:10,708 INFO archived 657299327912534016
2015-10-22 18:08:10,708 INFO archived 657299318399987712
2015-10-22 18:08:10,708 INFO archived 657299272350699521
2015-10-22 18:08:10,708 INFO archived 657299216444825600
2015-10-22 18:08:10,708 INFO archived 657299176515108864
2015-10-22 18:08:10,708 INFO archived 657299124728020992
2015-10-22 18:08:10,708 INFO archived 657299111172026368
2015-10-22 18:08:10,708 INFO archived 657299005135716352
2015-10-22 18:08:10,708 INFO archived 657299000165466112
2015-10-22 18:08:10,709 INFO archived 657298974190227456
2015-10-22 18:08:10,709 INFO archived 657298925188059136
2015-10-22 18:08:10,709 INFO archived 657298855248207872
2015-10-22 18:08:10,709 INFO archived 657298804962676737
2015-10-22 18:08:10,709 INFO archived 657298754471641088
2015-10-22 18:08:10,709 INFO archived 657298736675209216
2015-10-22 18:08:10,709 INFO archived 657298717813440512
2015-10-22 18:08:10,709 INFO archived 657298679615766528
2015-10-22 18:08:10,709 INFO archived 657298490117234688
2015-10-22 18:08:10,709 INFO archived 657298457997266944
2015-10-22 18:08:10,710 INFO archived 657298446693494784
2015-10-22 18:08:10,710 INFO archived 657298445288345600
2015-10-22 18:08:10,710 INFO archived 657298442696458240
2015-10-22 18:08:10,710 INFO archived 657298435679350784
2015-10-22 18:08:10,710 INFO archived 657298434102132736
2015-10-22 18:08:10,710 INFO archived 657298361133998080
2015-10-22 18:08:10,710 INFO archived 657298346323877888
2015-10-22 18:08:10,710 INFO archived 657298342666502149
2015-10-22 18:08:10,710 INFO archived 657298258759413761
2015-10-22 18:08:10,710 INFO archived 657298192908730368
2015-10-22 18:08:10,944 INFO archived 657298192619298816
2015-10-22 18:08:10,944 INFO archived 657298181252886528
2015-10-22 18:08:10,944 INFO archived 657298174311333890
2015-10-22 18:08:10,944 INFO archived 657298120565329920
2015-10-22 18:08:10,945 INFO archived 657298089200504833
2015-10-22 18:08:10,945 INFO archived 657298086021066752
2015-10-22 18:08:10,945 INFO archived 657297956266049537
2015-10-22 18:08:10,945 INFO archived 657297955104411648
2015-10-22 18:08:10,945 INFO archived 657297935902887936
2015-10-22 18:08:10,945 INFO archived 657297933461778432
2015-10-22 18:08:10,945 INFO archived 657297933306466304
2015-10-22 18:08:10,945 INFO archived 657297819066376192
2015-10-22 18:08:10,945 INFO archived 657297812707790848
2015-10-22 18:08:10,945 INFO archived 657297789014134784
2015-10-22 18:08:10,946 INFO archived 657297760291565569
2015-10-22 18:08:10,946 INFO archived 657297693144961024
2015-10-22 18:08:10,946 INFO archived 657297691500646400
2015-10-22 18:08:10,946 INFO archived 657297650610524164
2015-10-22 18:08:10,946 INFO archived 657297645598216192
2015-10-22 18:08:10,946 INFO archived 657297604829581312
2015-10-22 18:08:10,946 INFO archived 657297559334072321
2015-10-22 18:08:10,946 INFO archived 657297504724242432
2015-10-22 18:08:10,946 INFO archived 657297430417768448
2015-10-22 18:08:10,946 INFO archived 657297415628701696
2015-10-22 18:08:10,947 INFO archived 657297392744726528
2015-10-22 18:08:10,947 INFO archived 657297369554419712
2015-10-22 18:08:10,947 INFO archived 657297367381757952
2015-10-22 18:08:10,947 INFO archived 657297312704811009
2015-10-22 18:08:10,947 INFO archived 657297266718429186
2015-10-22 18:08:10,947 INFO archived 657297232245428224
2015-10-22 18:08:10,947 INFO archived 657297184027713536
2015-10-22 18:08:10,947 INFO archived 657297138418872320
2015-10-22 18:08:10,947 INFO archived 657297024195383296
2015-10-22 18:08:10,947 INFO archived 657297022177906688
2015-10-22 18:08:10,947 INFO archived 657297018151419904
2015-10-22 18:08:10,948 INFO archived 657296996156506112
2015-10-22 18:08:10,948 INFO archived 657296949884882944
2015-10-22 18:08:10,948 INFO archived 657296858969198592
2015-10-22 18:08:10,948 INFO archived 657296830737313792
2015-10-22 18:08:10,948 INFO archived 657296802648072192
2015-10-22 18:08:10,948 INFO archived 657296781198413824
2015-10-22 18:08:10,948 INFO archived 657296769563410433
2015-10-22 18:08:10,948 INFO archived 657296756254879744
2015-10-22 18:08:10,948 INFO archived 657296713733033984
2015-10-22 18:08:10,949 INFO archived 657296678869966848
2015-10-22 18:08:10,949 INFO archived 657296673895546886
2015-10-22 18:08:10,949 INFO archived 657296662348492800
2015-10-22 18:08:10,949 INFO archived 657296626214678528
2015-10-22 18:08:10,949 INFO archived 657296617549266944
2015-10-22 18:08:10,949 INFO archived 657296568018669568
2015-10-22 18:08:10,949 INFO archived 657296561311866880
2015-10-22 18:08:10,949 INFO archived 657296549031100416
2015-10-22 18:08:10,949 INFO archived 657296532828520453
2015-10-22 18:08:10,949 INFO archived 657296463458906112
2015-10-22 18:08:10,949 INFO archived 657296455716216832
2015-10-22 18:08:10,950 INFO archived 657296432660090880
2015-10-22 18:08:10,950 INFO archived 657296341186555904
2015-10-22 18:08:10,950 INFO archived 657296222361919488
2015-10-22 18:08:10,950 INFO archived 657296219446710272
2015-10-22 18:08:10,950 INFO archived 657296196571168768
2015-10-22 18:08:10,950 INFO archived 657296180657917952
2015-10-22 18:08:10,950 INFO archived 657296080095330304
2015-10-22 18:08:10,950 INFO archived 657296050760323072
2015-10-22 18:08:10,950 INFO archived 657295965066567680
2015-10-22 18:08:10,950 INFO archived 657295934418743296
2015-10-22 18:08:10,950 INFO archived 657295906371477504
2015-10-22 18:08:10,951 INFO archived 657295899253673984
2015-10-22 18:08:10,951 INFO archived 657295834783088641
2015-10-22 18:08:10,951 INFO archived 657295749097607168
2015-10-22 18:08:10,951 INFO archived 657295739920478208
2015-10-22 18:08:10,951 INFO archived 657295693141295104
2015-10-22 18:08:10,951 INFO archived 657295682118774785
2015-10-22 18:08:10,951 INFO archived 657295666377572352
2015-10-22 18:08:10,951 INFO archived 657295641790541824
2015-10-22 18:08:10,951 INFO archived 657295622790254592
2015-10-22 18:08:10,951 INFO archived 657295612644339712
2015-10-22 18:08:10,952 INFO archived 657295588279623681
2015-10-22 18:08:10,952 INFO archived 657295492263641089
2015-10-22 18:08:10,952 INFO archived 657295419265802240
2015-10-22 18:08:10,952 INFO archived 657295342522601472
2015-10-22 18:08:10,952 INFO archived 657295284506984448
2015-10-22 18:08:10,952 INFO archived 657295252408020992
2015-10-22 18:08:10,952 INFO archived 657295220355284992
2015-10-22 18:08:10,952 INFO archived 657295097873104896
2015-10-22 18:08:10,952 INFO archived 657295074775158784
2015-10-22 18:08:10,952 INFO archived 657295070832410624
2015-10-22 18:08:10,952 INFO archived 657295051970641920
2015-10-22 18:08:10,952 INFO archived 657295045540880384
2015-10-22 18:08:10,953 INFO archived 657294969041002496
2015-10-22 18:08:10,953 INFO archived 657294855828303872
2015-10-22 18:08:10,953 INFO archived 657294830901530624
2015-10-22 18:08:10,953 INFO archived 657294825159544837
2015-10-22 18:08:10,953 INFO archived 657294794658611200
2015-10-22 18:08:10,953 INFO archived 657294759577440256
2015-10-22 18:08:10,953 INFO archived 657294751897546752
2015-10-22 18:08:10,953 INFO archived 657294748185665536
2015-10-22 18:08:10,953 INFO archived 657294727247720448
2015-10-22 18:08:10,953 INFO archived 657294709400858624
2015-10-22 18:08:10,954 INFO archived 657294700932636672
2015-10-22 18:08:10,954 INFO archived 657294685313093632
2015-10-22 18:08:11,142 INFO archived 657294663448154112
2015-10-22 18:08:11,142 INFO archived 657294649053331456
2015-10-22 18:08:11,142 INFO archived 657294626030792704
2015-10-22 18:08:11,142 INFO archived 657294618711740420
2015-10-22 18:08:11,142 INFO archived 657294572058451969
2015-10-22 18:08:11,142 INFO archived 657294532690747392
2015-10-22 18:08:11,142 INFO archived 657294484212948992
2015-10-22 18:08:11,142 INFO archived 657294483894226944
2015-10-22 18:08:11,142 INFO archived 657294467175698432
2015-10-22 18:08:11,143 INFO archived 657294460498284544
2015-10-22 18:08:11,143 INFO archived 657294458405318657
2015-10-22 18:08:11,143 INFO archived 657294418941116416
2015-10-22 18:08:11,143 INFO archived 657294401601835008
2015-10-22 18:08:11,143 INFO archived 657294388297469952
2015-10-22 18:08:11,143 INFO archived 657294239974428673
2015-10-22 18:08:11,143 INFO archived 657294235276877824
2015-10-22 18:08:11,143 INFO archived 657294168755191808
2015-10-22 18:08:11,143 INFO archived 657294139348811777
2015-10-22 18:08:11,143 INFO archived 657294114153766912
2015-10-22 18:08:11,144 INFO archived 657294099536547841
2015-10-22 18:08:11,144 INFO archived 657294068544765952
2015-10-22 18:08:11,144 INFO archived 657294034566795264
2015-10-22 18:08:11,144 INFO archived 657293993647042560
2015-10-22 18:08:11,144 INFO archived 657293961212637184
2015-10-22 18:08:11,144 INFO archived 657293926173396992
2015-10-22 18:08:11,144 INFO archived 657293916094513152
2015-10-22 18:08:11,144 INFO archived 657293872956100608
2015-10-22 18:08:11,144 INFO archived 657293765376389121
2015-10-22 18:08:11,144 INFO archived 657293716932136961
2015-10-22 18:08:11,145 INFO archived 657293682144649217
2015-10-22 18:08:11,145 INFO archived 657293643108261888
2015-10-22 18:08:11,145 INFO archived 657293628243505152
2015-10-22 18:08:11,145 INFO archived 657293613001347072
2015-10-22 18:08:11,145 INFO archived 657293608131915777
2015-10-22 18:08:11,145 INFO archived 657293587739234304
2015-10-22 18:08:11,145 INFO archived 657293586644402176
2015-10-22 18:08:11,145 INFO archived 657293582965960704
2015-10-22 18:08:11,145 INFO archived 657293544735027200
2015-10-22 18:08:11,146 INFO archived 657293528028938240
2015-10-22 18:08:11,146 INFO archived 657293513466466305
2015-10-22 18:08:11,146 INFO archived 657293500912824320
2015-10-22 18:08:11,146 INFO archived 657293492880875525
2015-10-22 18:08:11,146 INFO archived 657293376887242753
2015-10-22 18:08:11,146 INFO archived 657293359019634688
2015-10-22 18:08:11,146 INFO archived 657293338337394689
2015-10-22 18:08:11,146 INFO archived 657293284885270528
2015-10-22 18:08:11,146 INFO archived 657293281319976960
2015-10-22 18:08:11,146 INFO archived 657293090789658624
2015-10-22 18:08:11,147 INFO archived 657293058128523266
2015-10-22 18:08:11,147 INFO archived 657293040269168640
2015-10-22 18:08:11,147 INFO archived 657293019327016960
2015-10-22 18:08:11,147 INFO archived 657292993871917057
2015-10-22 18:08:11,147 INFO archived 657292979984429056
2015-10-22 18:08:11,147 INFO archived 657292935667560448
2015-10-22 18:08:11,147 INFO archived 657292932244832256
2015-10-22 18:08:11,147 INFO archived 657292905233694720
2015-10-22 18:08:11,147 INFO archived 657292903690162176
2015-10-22 18:08:11,147 INFO archived 657292866490904577
2015-10-22 18:08:11,148 INFO archived 657292781258473472
2015-10-22 18:08:11,148 INFO archived 657292748505092097
2015-10-22 18:08:11,148 INFO archived 657292672781176832
2015-10-22 18:08:11,148 INFO archived 657292660672172032
2015-10-22 18:08:11,148 INFO archived 657292656121241600
2015-10-22 18:08:11,148 INFO archived 657292624395698176
2015-10-22 18:08:11,148 INFO archived 657292595144486912
2015-10-22 18:08:11,148 INFO archived 657292568829566976
2015-10-22 18:08:11,148 INFO archived 657292479058812929
2015-10-22 18:08:11,148 INFO archived 657292437098921984
2015-10-22 18:08:11,148 INFO archived 657292431134621696
2015-10-22 18:08:11,149 INFO archived 657292405998268416
2015-10-22 18:08:11,149 INFO archived 657292397295063042
2015-10-22 18:08:11,149 INFO archived 657292377581711360
2015-10-22 18:08:11,149 INFO archived 657292270870372352
2015-10-22 18:08:11,149 INFO archived 657292153073311745
2015-10-22 18:08:11,149 INFO archived 657292126288506880
2015-10-22 18:08:11,149 INFO archived 657292096760508416
2015-10-22 18:08:11,149 INFO archived 657292092964605952
2015-10-22 18:08:11,149 INFO archived 657291949699964928
2015-10-22 18:08:11,150 INFO archived 657291890715447296
2015-10-22 18:08:11,150 INFO archived 657291877826301952
2015-10-22 18:08:11,150 INFO archived 657291830229241856
2015-10-22 18:08:11,150 INFO archived 657291826211201025
2015-10-22 18:08:11,150 INFO archived 657291816602062848
2015-10-22 18:08:11,150 INFO archived 657291802047741952
2015-10-22 18:08:11,150 INFO archived 657291795915673600
2015-10-22 18:08:11,150 INFO archived 657291735073095680
2015-10-22 18:08:11,150 INFO archived 657291733592580096
2015-10-22 18:08:11,150 INFO archived 657291713682264066
2015-10-22 18:08:11,150 INFO archived 657291672368214016
2015-10-22 18:08:11,151 INFO archived 657291620476461057
2015-10-22 18:08:11,151 INFO archived 657291605100007424
2015-10-22 18:08:11,151 INFO archived 657291581867868160
2015-10-22 18:08:11,151 INFO archived 657291559617064960
2015-10-22 18:08:11,151 INFO archived 657291501882347520
2015-10-22 18:08:11,151 INFO archived 657291469288435712
2015-10-22 18:08:11,151 INFO archived 657291455229263873
2015-10-22 18:08:11,151 INFO archived 657291427580411904
2015-10-22 18:08:11,151 INFO archived 657291424807915520
2015-10-22 18:08:11,151 INFO archived 657291326883504128
2015-10-22 18:08:11,151 INFO archived 657291234369806336
2015-10-22 18:08:11,405 INFO archived 657291162739417088
2015-10-22 18:08:11,406 INFO archived 657291123556241408
2015-10-22 18:08:11,406 INFO archived 657291073723629568
2015-10-22 18:08:11,406 INFO archived 657291067172196352
2015-10-22 18:08:11,406 INFO archived 657291029767442432
2015-10-22 18:08:11,406 INFO archived 657291023119491072
2015-10-22 18:08:11,406 INFO archived 657290974415212545
2015-10-22 18:08:11,406 INFO archived 657290974217932800
2015-10-22 18:08:11,406 INFO archived 657290965590372352
2015-10-22 18:08:11,406 INFO archived 657290897789288448
2015-10-22 18:08:11,406 INFO archived 657290845981249536
2015-10-22 18:08:11,407 INFO archived 657290805770625024
2015-10-22 18:08:11,407 INFO archived 657290647750225920
2015-10-22 18:08:11,407 INFO archived 657290535976222720
2015-10-22 18:08:11,407 INFO archived 657290509711515649
2015-10-22 18:08:11,407 INFO archived 657290430300704768
2015-10-22 18:08:11,407 INFO archived 657290375262932992
2015-10-22 18:08:11,407 INFO archived 657290369697120256
2015-10-22 18:08:11,407 INFO archived 657290347597402112
2015-10-22 18:08:11,407 INFO archived 657290282099191808
2015-10-22 18:08:11,407 INFO archived 657290264533430272
2015-10-22 18:08:11,408 INFO archived 657290253120630784
2015-10-22 18:08:11,408 INFO archived 657290231855497216
2015-10-22 18:08:11,408 INFO archived 657290134111592448
2015-10-22 18:08:11,408 INFO archived 657290090264305664
2015-10-22 18:08:11,408 INFO archived 657289937109299202
2015-10-22 18:08:11,408 INFO archived 657289928062181376
2015-10-22 18:08:11,408 INFO archived 657289874358140928
2015-10-22 18:08:11,408 INFO archived 657289872135294977
2015-10-22 18:08:11,408 INFO archived 657289845845434368
2015-10-22 18:08:11,409 INFO archived 657289824014114816
2015-10-22 18:08:11,409 INFO archived 657289799229927428
2015-10-22 18:08:11,409 INFO archived 657289770972917760
2015-10-22 18:08:11,409 INFO archived 657289770662424578
2015-10-22 18:08:11,409 INFO archived 657289758167535616
2015-10-22 18:08:11,409 INFO archived 657289687644639232
2015-10-22 18:08:11,409 INFO archived 657289676257148929
2015-10-22 18:08:11,409 INFO archived 657289662780698624
2015-10-22 18:08:11,410 INFO archived 657289595508412417
2015-10-22 18:08:11,410 INFO archived 657289584762425344
2015-10-22 18:08:11,410 INFO archived 657289534686691328
2015-10-22 18:08:11,410 INFO archived 657289451601694724
2015-10-22 18:08:11,410 INFO archived 657289440235139072
2015-10-22 18:08:11,410 INFO archived 657289419523792896
2015-10-22 18:08:11,410 INFO archived 657289409616834560
2015-10-22 18:08:11,410 INFO archived 657289349260640256
2015-10-22 18:08:11,410 INFO archived 657289312061554688
2015-10-22 18:08:11,410 INFO archived 657289309301555201
2015-10-22 18:08:11,410 INFO archived 657289264577712128
2015-10-22 18:08:11,410 INFO archived 657289263495716865
2015-10-22 18:08:11,411 INFO archived 657289253290967041
2015-10-22 18:08:11,411 INFO archived 657289229190459392
2015-10-22 18:08:11,411 INFO archived 657289137830146048
2015-10-22 18:08:11,411 INFO archived 657289120276877312
2015-10-22 18:08:11,411 INFO archived 657289101994020866
2015-10-22 18:08:11,411 INFO archived 657289081056075776
2015-10-22 18:08:11,411 INFO archived 657289072034103298
2015-10-22 18:08:11,411 INFO archived 657289019613663232
2015-10-22 18:08:11,411 INFO archived 657289007836086272
2015-10-22 18:08:11,411 INFO archived 657288993151823872
2015-10-22 18:08:11,412 INFO archived 657288969948917760
2015-10-22 18:08:11,412 INFO archived 657288954903793664
2015-10-22 18:08:11,412 INFO archived 657288912302243840
2015-10-22 18:08:11,412 INFO archived 657288869692489728
2015-10-22 18:08:11,412 INFO archived 657288865338798080
2015-10-22 18:08:11,412 INFO archived 657288855398305792
2015-10-22 18:08:11,412 INFO archived 657288844337893376
2015-10-22 18:08:11,412 INFO archived 657288823165079552
2015-10-22 18:08:11,412 INFO archived 657288805096009728
2015-10-22 18:08:11,412 INFO archived 657288803661516800
2015-10-22 18:08:11,412 INFO archived 657288735021666304
2015-10-22 18:08:11,413 INFO archived 657288732018503680
2015-10-22 18:08:11,413 INFO archived 657288731926376449
2015-10-22 18:08:11,413 INFO archived 657288677291401218
2015-10-22 18:08:11,413 INFO archived 657288540905082880
2015-10-22 18:08:11,413 INFO archived 657288529530064896
2015-10-22 18:08:11,413 INFO archived 657288478112264192
2015-10-22 18:08:11,413 INFO archived 657288476166103042
2015-10-22 18:08:11,413 INFO archived 657288465252528130
2015-10-22 18:08:11,413 INFO archived 657288365230981120
2015-10-22 18:08:11,413 INFO archived 657288364660543488
2015-10-22 18:08:11,413 INFO archived 657288347333718016
2015-10-22 18:08:11,414 INFO archived 657288329159929856
2015-10-22 18:08:11,414 INFO archived 657288319257079808
2015-10-22 18:08:11,414 INFO archived 657288299392991234
2015-10-22 18:08:11,414 INFO archived 657288248880951296
2015-10-22 18:08:11,414 INFO archived 657288243319283713
2015-10-22 18:08:11,414 INFO archived 657288208917647360
2015-10-22 18:08:11,414 INFO archived 657288177841864704
2015-10-22 18:08:11,414 INFO archived 657288172133613569
2015-10-22 18:08:11,414 INFO archived 657288158141267968
2015-10-22 18:08:11,415 INFO archived 657288157671641088
2015-10-22 18:08:11,415 INFO archived 657288098838016000
2015-10-22 18:08:11,415 INFO archived 657288089459695616
2015-10-22 18:08:11,415 INFO archived 657288087266041856
2015-10-22 18:08:11,415 INFO archived 657288082631208960
2015-10-22 18:08:11,415 INFO archived 657288030655533056
2015-10-22 18:08:11,415 INFO archived 657288007909814272
2015-10-22 18:08:11,415 INFO archived 657287985986162688
2015-10-22 18:08:11,415 INFO archived 657287972795084800
2015-10-22 18:08:11,751 INFO archived 657287895468933120
2015-10-22 18:08:11,751 INFO archived 657287872773402624
2015-10-22 18:08:11,751 INFO archived 657287853295144961
2015-10-22 18:08:11,751 INFO archived 657287780993646593
2015-10-22 18:08:11,751 INFO archived 657287746990579712
2015-10-22 18:08:11,751 INFO archived 657287713972965376
2015-10-22 18:08:11,751 INFO archived 657287695476105216
2015-10-22 18:08:11,751 INFO archived 657287645131898882
2015-10-22 18:08:11,751 INFO archived 657287617977950208
2015-10-22 18:08:11,752 INFO archived 657287582229901312
2015-10-22 18:08:11,752 INFO archived 657287489003106305
2015-10-22 18:08:11,752 INFO archived 657287469784788993
2015-10-22 18:08:11,752 INFO archived 657287359122284545
2015-10-22 18:08:11,752 INFO archived 657287348166766592
2015-10-22 18:08:11,752 INFO archived 657287322153693184
2015-10-22 18:08:11,752 INFO archived 657287191945715712
2015-10-22 18:08:11,752 INFO archived 657287179232759809
2015-10-22 18:08:11,752 INFO archived 657287104062296064
2015-10-22 18:08:11,752 INFO archived 657287093878657024
2015-10-22 18:08:11,752 INFO archived 657287062844866560
2015-10-22 18:08:11,752 INFO archived 657287018414809092
2015-10-22 18:08:11,753 INFO archived 657286977490804736
2015-10-22 18:08:11,753 INFO archived 657286964295651328
2015-10-22 18:08:11,753 INFO archived 657286951469346816
2015-10-22 18:08:11,753 INFO archived 657286938999828480
2015-10-22 18:08:11,753 INFO archived 657286935619194880
2015-10-22 18:08:11,753 INFO archived 657286932674670592
2015-10-22 18:08:11,753 INFO archived 657286842690215940
2015-10-22 18:08:11,753 INFO archived 657286813074067456
2015-10-22 18:08:11,753 INFO archived 657286799048445952
2015-10-22 18:08:11,753 INFO archived 657286792740229120
2015-10-22 18:08:11,754 INFO archived 657286776638328833
2015-10-22 18:08:11,754 INFO archived 657286744774221825
2015-10-22 18:08:11,754 INFO archived 657286709739024384
2015-10-22 18:08:11,754 INFO archived 657286682505576449
2015-10-22 18:08:11,754 INFO archived 657286681737998336
2015-10-22 18:08:11,754 INFO archived 657286571310231552
2015-10-22 18:08:11,754 INFO archived 657286525734944768
2015-10-22 18:08:11,754 INFO archived 657286488749641728
2015-10-22 18:08:11,754 INFO archived 657286485050269696
2015-10-22 18:08:11,755 INFO archived 657286479933284352
2015-10-22 18:08:11,755 INFO archived 657286444818366464
2015-10-22 18:08:11,755 INFO archived 657286410328764417
2015-10-22 18:08:11,755 INFO archived 657286394566459392
2015-10-22 18:08:11,755 INFO archived 657286361561591809
2015-10-22 18:08:11,755 INFO archived 657286343895183360
2015-10-22 18:08:11,755 INFO archived 657286343572242432
2015-10-22 18:08:11,755 INFO archived 657286205994876928
2015-10-22 18:08:11,755 INFO archived 657286161220571136
2015-10-22 18:08:11,755 INFO archived 657286160943853568
2015-10-22 18:08:11,755 INFO archived 657286096221577216
2015-10-22 18:08:11,756 INFO archived 657286046166728704
2015-10-22 18:08:11,756 INFO archived 657286033667522560
2015-10-22 18:08:11,756 INFO archived 657286015732744193
2015-10-22 18:08:11,756 INFO archived 657286015615397888
2015-10-22 18:08:11,756 INFO archived 657286002537549824
2015-10-22 18:08:11,756 INFO archived 657285988931076096
2015-10-22 18:08:11,756 INFO archived 657285901278515200
2015-10-22 18:08:11,756 INFO archived 657285801022267392
2015-10-22 18:08:11,756 INFO archived 657285783204843520
2015-10-22 18:08:11,756 INFO archived 657285761834885120
2015-10-22 18:08:11,756 INFO archived 657285758668161024
2015-10-22 18:08:11,757 INFO archived 657285736790667264
2015-10-22 18:08:11,757 INFO archived 657285608616960000
2015-10-22 18:08:11,757 INFO archived 657285562928377856
2015-10-22 18:08:11,757 INFO archived 657285475875561473
2015-10-22 18:08:11,757 INFO archived 657285442593669120
2015-10-22 18:08:11,757 INFO archived 657285427863420928
2015-10-22 18:08:11,757 INFO archived 657285412721922050
2015-10-22 18:08:11,757 INFO archived 657285385568002048
2015-10-22 18:08:11,757 INFO archived 657285334678556672
2015-10-22 18:08:11,757 INFO archived 657285320036208640
2015-10-22 18:08:11,758 INFO archived 657285190797139970
2015-10-22 18:08:11,758 INFO archived 657284671592644608
2015-10-22 18:08:11,758 INFO archived 657284397117345792
2015-10-22 18:08:11,758 INFO archived 657282303136243712
2015-10-22 18:08:11,758 INFO archived 657281895302979584
2015-10-22 18:08:11,758 INFO archived 657281735412072448
2015-10-22 18:08:11,758 INFO archived 657280743786328065
2015-10-22 18:08:11,758 INFO archived 657279849174839300
2015-10-22 18:08:11,758 INFO archived 657279359162675201
2015-10-22 18:08:11,758 INFO archived 657278760975249408
2015-10-22 18:08:11,759 INFO archived 657278424071958528
2015-10-22 18:08:11,759 INFO archived 657278330270588929
2015-10-22 18:08:11,759 INFO archived 657278294350561280
2015-10-22 18:08:11,759 INFO archived 657277934470696960
2015-10-22 18:08:11,759 INFO archived 657277714773229568
2015-10-22 18:08:11,759 INFO archived 657277436984356864
2015-10-22 18:08:11,759 INFO archived 657275362758541312
2015-10-22 18:08:11,759 INFO archived 657275105068716032
2015-10-22 18:08:11,759 INFO archived 657274699555151873
2015-10-22 18:08:11,760 INFO archived 657265731952754688
2015-10-22 18:08:11,760 INFO archived 657229920037416962
2015-10-22 18:08:11,760 INFO archived 657203393824292864
2015-10-22 18:08:11,760 INFO archived 657202414114709505
2015-10-22 18:08:11,760 INFO archived 657201722482401281
2015-10-22 18:08:11,760 INFO archived 657201505238450176
2015-10-22 18:08:11,760 INFO archived 657201108209790976
2015-10-22 18:08:11,760 INFO archived 657201105193955329
2015-10-22 18:08:11,761 INFO archived 657201002626600960
2015-10-22 18:08:12,139 INFO archived 657199565905469441
2015-10-22 18:08:12,139 INFO archived 657163309490315264
2015-10-22 18:08:12,140 INFO archived 657127356637822976
2015-10-22 18:08:12,140 INFO archived 656932820875636736
2015-10-22 18:08:12,140 INFO archived 656929541068345344
2015-10-22 18:08:12,140 INFO archived 656835444370460674
2015-10-22 18:08:12,140 INFO archived 656833836869931008
2015-10-22 18:08:12,140 INFO archived 656832443895427073
2015-10-22 18:08:12,140 INFO archived 656830339625697280
2015-10-22 18:08:12,140 INFO archived 656830068937891840
2015-10-22 18:08:12,141 INFO archived 656826921360191489
2015-10-22 18:08:12,141 INFO archived 656823707634044930
2015-10-22 18:08:12,141 INFO archived 656823634896551936
2015-10-22 18:08:12,141 INFO archived 656550211557261313
2015-10-22 18:08:12,141 INFO archived 656546075067584512
2015-10-22 18:08:12,141 INFO archived 656511779284123649
2015-10-22 18:08:12,141 INFO archived 656506136271716353
2015-10-22 18:08:12,141 INFO archived 656475333441531905
2015-10-22 18:08:12,142 INFO archived 656470017408524288
2015-10-22 18:08:12,142 INFO archived 656469703209152512
2015-10-22 18:08:12,142 INFO archived 656466680042815488
2015-10-22 18:08:12,142 INFO archived 656466489894113280
2015-10-22 18:08:12,142 INFO archived 656465042569826304
2015-10-22 18:08:12,142 INFO archived 656463653768699904
2015-10-22 18:08:12,142 INFO archived 656463075139149825
2015-10-22 18:08:12,142 INFO archived 656138622085697536
2015-10-22 18:08:12,143 INFO archived 656132640681152512
2015-10-22 18:08:12,143 INFO archived 656131666029604864
2015-10-22 18:08:12,143 INFO archived 656131590637146112
2015-10-22 18:08:12,143 INFO archived 655826608746446848
2015-10-22 18:08:12,143 INFO archived 655797125154902018
2015-10-22 18:08:12,143 INFO archived 655796926311497728
2015-10-22 18:08:12,143 INFO archived 655794456566878208
2015-10-22 18:08:12,143 INFO archived 655793352844161024
2015-10-22 18:08:12,144 INFO archived 655777808589959168
2015-10-22 18:08:12,144 INFO archived 655777300949172224
2015-10-22 18:08:12,144 INFO archived 655770929432276992
2015-10-22 18:08:12,144 INFO archived 655769353674092544
2015-10-22 18:08:12,144 INFO archived 655762987756691456
2015-10-22 18:08:12,144 INFO archived 655761203185106944
2015-10-22 18:08:12,144 INFO archived 655761022192476160
2015-10-22 18:08:12,144 INFO archived 655646538367135744
2015-10-22 18:08:12,145 INFO archived 655070922068611072
2015-10-22 18:08:12,145 INFO archived 654700895049879553
2015-10-22 18:08:12,145 INFO archived 654681124464005120
2015-10-22 18:08:12,145 INFO archived 654493859892695041
2015-10-22 18:08:12,145 INFO archived 654421655096201216
2015-10-22 18:08:12,145 INFO archived 654418349879783424
2015-10-22 18:08:12,145 INFO archived 654335917830893568
2015-10-22 18:08:12,187 INFO no new tweets matching {'count': 100, 'q': u'mashcat', 'max_id': '654335917830893567'}
